<?xml version="1.0" encoding="UTF-8"?>
<!-- Generated by org.testng.reporters.JUnitReportReporter -->
<testsuite hostname="bhavani-3" name="Test.tes.App" tests="1" failures="0" timestamp="31 Jul 2019 13:25:46 GMT" time="0.055" errors="0">
  <testcase name="hi" time="0.055" classname="Test.tes.App"/>
</testsuite> <!-- Test.tes.App -->
