<?xml version="1.0" encoding="UTF-8"?>
<!-- Generated by org.testng.reporters.JUnitReportReporter -->
<testsuite hostname="bhavani-3" name="Test.tes.App1" tests="1" failures="0" timestamp="31 Jul 2019 13:17:17 GMT" time="0.015" errors="0">
  <testcase name="abc" time="0.015" classname="Test.tes.App1"/>
</testsuite> <!-- Test.tes.App1 -->
